<?xml version="1.0" encoding="UTF-8"?>
<!-- Generated by org.testng.reporters.JUnitXMLReporter -->
<testsuite hostname="DESKTOP-A9N9LE5" ignored="0" name="Default test" tests="2" failures="0" timestamp="22 Jan 2019 19:00:44 GMT" time="7.883" errors="0">
  <testcase name="validateDescription" time="0.085" classname="com.app.test.ProductDetailPageTest"/>
  <testcase name="verifyTwitterFshareIcons" time="0.199" classname="com.app.test.ProductDetailPageTest"/>
</testsuite> <!-- Default test -->
